# JRE version: OpenJDK Runtime Environment Temurin-25.0.1+8 (25.0.1+8) (build 25.0.1+8-LTS)
# Java VM: OpenJDK 64-Bit Server VM Temurin-25.0.1+8 (25.0.1+8-LTS, mixed mode, sharing, tiered, compressed oops, compressed class ptrs, parallel gc, windows-amd64)
GC Precious Log:
 CardTable entry size: 512
 CPUs: 32 total, 32 available
 Memory: 32677M
 Large Page Support: Disabled
 NUMA Support: Disabled
 Compressed Oops: Enabled (32-bit)
 Alignments: Space 512K, Generation 512K, Heap 2M
 Heap Min Capacity: 100M
 Heap Initial Capacity: 100M
 Heap Max Capacity: 2G
 Pre-touch: Disabled
 Parallel Workers: 23
Heap:
 PSYoungGen      total 32768K, used 16261K [0x00000000d5580000, 0x00000000d7680000, 0x0000000100000000)
  eden space 31744K, 49% used [0x00000000d5580000,0x00000000d64c3900,0x00000000d7480000)
  from space 1024K, 61% used [0x00000000d7480000,0x00000000d751dbb0,0x00000000d7580000)
  to   space 1024K, 0% used [0x00000000d7580000,0x00000000d7580000,0x00000000d7680000)
 ParOldGen       total 563200K, used 241791K [0x0000000080000000, 0x00000000a2600000, 0x00000000d5580000)
  object space 563200K, 42% used [0x0000000080000000,0x000000008ec1fcf8,0x00000000a2600000)
GC Heap Usage History (20 events):
Event: 41.851 {heap Before GC invocations=247 (full 3):
 PSYoungGen      total 32768K, used 32480K [0x00000000d5580000, 0x00000000d7680000, 0x0000000100000000)
  eden space 31744K, 100% used [0x00000000d5580000,0x00000000d7480000,0x00000000d7480000)
  from space 1024K, 71% used [0x00000000d7480000,0x00000000d7538000,0x00000000d7580000)
  to   space 1024K, 0% used [0x00000000d7580000,0x00000000d7580000,0x00000000d7680000)
 ParOldGen       total 563200K, used 240031K [0x0000000080000000, 0x00000000a2600000, 0x00000000d558Event: 41.851 {heap After GC invocations=247 (full 3):
 PSYoungGen      total 32768K, used 608K [0x00000000d5580000, 0x00000000d7680000, 0x0000000100000000)
  eden space 31744K, 0% used [0x00000000d5580000,0x00000000d5580000,0x00000000d7480000)
  from space 1024K, 59% used [0x00000000d7580000,0x00000000d7618000,0x00000000d7680000)
  to   space 1024K, 0% used [0x00000000d7480000,0x00000000d7480000,0x00000000d7580000)
 ParOldGen       total 563200K, used 240031K [0x0000000080000000, 0x00000000a2600000, 0x00000000d5580000)Event: 41.892 {heap Before GC invocations=248 (full 3):
 PSYoungGen      total 32768K, used 32352K [0x00000000d5580000, 0x00000000d7680000, 0x0000000100000000)
  eden space 31744K, 100% used [0x00000000d5580000,0x00000000d7480000,0x00000000d7480000)
  from space 1024K, 59% used [0x00000000d7580000,0x00000000d7618000,0x00000000d7680000)
  to   space 1024K, 0% used [0x00000000d7480000,0x00000000d7480000,0x00000000d7580000)
 ParOldGen       total 563200K, used 240031K [0x0000000080000000, 0x00000000a2600000, 0x00000000d558Event: 41.893 {heap After GC invocations=248 (full 3):
 PSYoungGen      total 32768K, used 736K [0x00000000d5580000, 0x00000000d7680000, 0x0000000100000000)
  eden space 31744K, 0% used [0x00000000d5580000,0x00000000d5580000,0x00000000d7480000)
  from space 1024K, 71% used [0x00000000d7480000,0x00000000d7538000,0x00000000d7580000)
  to   space 1024K, 0% used [0x00000000d7580000,0x00000000d7580000,0x00000000d7680000)
 ParOldGen       total 563200K, used 240031K [0x0000000080000000, 0x00000000a2600000, 0x00000000d5580000)Event: 41.944 {heap Before GC invocations=249 (full 3):
 PSYoungGen      total 32768K, used 32480K [0x00000000d5580000, 0x00000000d7680000, 0x0000000100000000)
  eden space 31744K, 100% used [0x00000000d5580000,0x00000000d7480000,0x00000000d7480000)
  from space 1024K, 71% used [0x00000000d7480000,0x00000000d7538000,0x00000000d7580000)
  to   space 1024K, 0% used [0x00000000d7580000,0x00000000d7580000,0x00000000d7680000)
 ParOldGen       total 563200K, used 240031K [0x0000000080000000, 0x00000000a2600000, 0x00000000d558Event: 41.945 {heap After GC invocations=249 (full 3):
 PSYoungGen      total 32768K, used 736K [0x00000000d5580000, 0x00000000d7680000, 0x0000000100000000)
  eden space 31744K, 0% used [0x00000000d5580000,0x00000000d5580000,0x00000000d7480000)
  from space 1024K, 71% used [0x00000000d7580000,0x00000000d7638000,0x00000000d7680000)
  to   space 1024K, 0% used [0x00000000d7480000,0x00000000d7480000,0x00000000d7580000)
 ParOldGen       total 563200K, used 240031K [0x0000000080000000, 0x00000000a2600000, 0x00000000d5580000)Event: 42.013 {heap Before GC invocations=250 (full 3):
 PSYoungGen      total 32768K, used 32480K [0x00000000d5580000, 0x00000000d7680000, 0x0000000100000000)
  eden space 31744K, 100% used [0x00000000d5580000,0x00000000d7480000,0x00000000d7480000)
  from space 1024K, 71% used [0x00000000d7580000,0x00000000d7638000,0x00000000d7680000)
  to   space 1024K, 0% used [0x00000000d7480000,0x00000000d7480000,0x00000000d7580000)
 ParOldGen       total 563200K, used 240031K [0x0000000080000000, 0x00000000a2600000, 0x00000000d558Event: 42.014 {heap After GC invocations=250 (full 3):
 PSYoungGen      total 32768K, used 736K [0x00000000d5580000, 0x00000000d7680000, 0x0000000100000000)
  eden space 31744K, 0% used [0x00000000d5580000,0x00000000d5580000,0x00000000d7480000)
  from space 1024K, 71% used [0x00000000d7480000,0x00000000d7538000,0x00000000d7580000)
  to   space 1024K, 0% used [0x00000000d7580000,0x00000000d7580000,0x00000000d7680000)
 ParOldGen       total 563200K, used 240031K [0x0000000080000000, 0x00000000a2600000, 0x00000000d5580000)Event: 42.065 {heap Before GC invocations=251 (full 3):
 PSYoungGen      total 32768K, used 32480K [0x00000000d5580000, 0x00000000d7680000, 0x0000000100000000)
  eden space 31744K, 100% used [0x00000000d5580000,0x00000000d7480000,0x00000000d7480000)
  from space 1024K, 71% used [0x00000000d7480000,0x00000000d7538000,0x00000000d7580000)
  to   space 1024K, 0% used [0x00000000d7580000,0x00000000d7580000,0x00000000d7680000)
 ParOldGen       total 563200K, used 240031K [0x0000000080000000, 0x00000000a2600000, 0x00000000d558Event: 42.066 {heap After GC invocations=251 (full 3):
 PSYoungGen      total 32768K, used 736K [0x00000000d5580000, 0x00000000d7680000, 0x0000000100000000)
  eden space 31744K, 0% used [0x00000000d5580000,0x00000000d5580000,0x00000000d7480000)
  from space 1024K, 71% used [0x00000000d7580000,0x00000000d7638000,0x00000000d7680000)
  to   space 1024K, 0% used [0x00000000d7480000,0x00000000d7480000,0x00000000d7580000)
 ParOldGen       total 563200K, used 240031K [0x0000000080000000, 0x00000000a2600000, 0x00000000d5580000)Event: 42.110 {heap Before GC invocations=252 (full 3):
 PSYoungGen      total 32768K, used 32480K [0x00000000d5580000, 0x00000000d7680000, 0x0000000100000000)
  eden space 31744K, 100% used [0x00000000d5580000,0x00000000d7480000,0x00000000d7480000)
  from space 1024K, 71% used [0x00000000d7580000,0x00000000d7638000,0x00000000d7680000)
  to   space 1024K, 0% used [0x00000000d7480000,0x00000000d7480000,0x00000000d7580000)
 ParOldGen       total 563200K, used 240031K [0x0000000080000000, 0x00000000a2600000, 0x00000000d558Event: 42.110 {heap After GC invocations=252 (full 3):
 PSYoungGen      total 32768K, used 736K [0x00000000d5580000, 0x00000000d7680000, 0x0000000100000000)
  eden space 31744K, 0% used [0x00000000d5580000,0x00000000d5580000,0x00000000d7480000)
  from space 1024K, 71% used [0x00000000d7480000,0x00000000d7538000,0x00000000d7580000)
  to   space 1024K, 0% used [0x00000000d7580000,0x00000000d7580000,0x00000000d7680000)
 ParOldGen       total 563200K, used 240031K [0x0000000080000000, 0x00000000a2600000, 0x00000000d5580000)Event: 42.159 {heap Before GC invocations=253 (full 3):
 PSYoungGen      total 32768K, used 32480K [0x00000000d5580000, 0x00000000d7680000, 0x0000000100000000)
  eden space 31744K, 100% used [0x00000000d5580000,0x00000000d7480000,0x00000000d7480000)
  from space 1024K, 71% used [0x00000000d7480000,0x00000000d7538000,0x00000000d7580000)
  to   space 1024K, 0% used [0x00000000d7580000,0x00000000d7580000,0x00000000d7680000)
 ParOldGen       total 563200K, used 240031K [0x0000000080000000, 0x00000000a2600000, 0x00000000d558Event: 42.160 {heap After GC invocations=253 (full 3):
 PSYoungGen      total 32768K, used 736K [0x00000000d5580000, 0x00000000d7680000, 0x0000000100000000)
  eden space 31744K, 0% used [0x00000000d5580000,0x00000000d5580000,0x00000000d7480000)
  from space 1024K, 71% used [0x00000000d7580000,0x00000000d7638000,0x00000000d7680000)
  to   space 1024K, 0% used [0x00000000d7480000,0x00000000d7480000,0x00000000d7580000)
 ParOldGen       total 563200K, used 240031K [0x0000000080000000, 0x00000000a2600000, 0x00000000d5580000)Event: 42.334 {heap Before GC invocations=254 (full 3):
 PSYoungGen      total 32768K, used 32480K [0x00000000d5580000, 0x00000000d7680000, 0x0000000100000000)
  eden space 31744K, 100% used [0x00000000d5580000,0x00000000d7480000,0x00000000d7480000)
  from space 1024K, 71% used [0x00000000d7580000,0x00000000d7638000,0x00000000d7680000)
  to   space 1024K, 0% used [0x00000000d7480000,0x00000000d7480000,0x00000000d7580000)
 ParOldGen       total 563200K, used 240031K [0x0000000080000000, 0x00000000a2600000, 0x00000000d558Event: 42.335 {heap After GC invocations=254 (full 3):
 PSYoungGen      total 32256K, used 1024K [0x00000000d5580000, 0x00000000d7700000, 0x0000000100000000)
  eden space 31232K, 0% used [0x00000000d5580000,0x00000000d5580000,0x00000000d7400000)
  from space 1024K, 100% used [0x00000000d7480000,0x00000000d7580000,0x00000000d7580000)
  to   space 1536K, 0% used [0x00000000d7580000,0x00000000d7580000,0x00000000d7700000)
 ParOldGen       total 563200K, used 240319K [0x0000000080000000, 0x00000000a2600000, 0x00000000d558000Event: 2151.289 {heap Before GC invocations=255 (full 3):
 PSYoungGen      total 32256K, used 32248K [0x00000000d5580000, 0x00000000d7700000, 0x0000000100000000)
  eden space 31232K, 99% used [0x00000000d5580000,0x00000000d73fe000,0x00000000d7400000)
  from space 1024K, 100% used [0x00000000d7480000,0x00000000d7580000,0x00000000d7580000)
  to   space 1536K, 0% used [0x00000000d7580000,0x00000000d7580000,0x00000000d7700000)
 ParOldGen       total 563200K, used 240319K [0x0000000080000000, 0x00000000a2600000, 0x00000000d558Event: 2151.290 {heap After GC invocations=255 (full 3):
 PSYoungGen      total 32768K, used 768K [0x00000000d5580000, 0x00000000d7680000, 0x0000000100000000)
  eden space 31744K, 0% used [0x00000000d5580000,0x00000000d5580000,0x00000000d7480000)
  from space 1024K, 75% used [0x00000000d7580000,0x00000000d7640020,0x00000000d7680000)
  to   space 1024K, 0% used [0x00000000d7480000,0x00000000d7480000,0x00000000d7580000)
 ParOldGen       total 563200K, used 241407K [0x0000000080000000, 0x00000000a2600000, 0x00000000d5580000)Event: 2152.140 {heap Before GC invocations=256 (full 3):
 PSYoungGen      total 32768K, used 32512K [0x00000000d5580000, 0x00000000d7680000, 0x0000000100000000)
  eden space 31744K, 100% used [0x00000000d5580000,0x00000000d7480000,0x00000000d7480000)
  from space 1024K, 75% used [0x00000000d7580000,0x00000000d7640020,0x00000000d7680000)
  to   space 1024K, 0% used [0x00000000d7480000,0x00000000d7480000,0x00000000d7580000)
 ParOldGen       total 563200K, used 241407K [0x0000000080000000, 0x00000000a2600000, 0x00000000d558Event: 2152.141 {heap After GC invocations=256 (full 3):
 PSYoungGen      total 32768K, used 630K [0x00000000d5580000, 0x00000000d7680000, 0x0000000100000000)
  eden space 31744K, 0% used [0x00000000d5580000,0x00000000d5580000,0x00000000d7480000)
  from space 1024K, 61% used [0x00000000d7480000,0x00000000d751dbb0,0x00000000d7580000)
  to   space 1024K, 0% used [0x00000000d7580000,0x00000000d7580000,0x00000000d7680000)
 ParOldGen       total 563200K, used 241791K [0x0000000080000000, 0x00000000a2600000, 0x00000000d5580000)
Metaspace Usage History (20 events):
Event: 41.851 {metaspace Before GC invocations=247 (full 3):
 Metaspace       used 65993K, committed 67456K, reserved 1114112K
  class space    used 5860K, committed 6464K, reserved 1048576K
}
Event: 41.851 {metaspace After GC invocations=247 (full 3):
 Metaspace       used 65993K, committed 67456K, reserved 1114112K
  class space    used 5860K, committed 6464K, reserved 1048576K
}
Event: 41.892 {metaspace Before GC invocations=248 (full 3):
 Metaspace       used 65993K, committed 67456K, reserved 1114112K
  class space    used 5860K, committed 6464K, reserved 1048576K
}
Event: 41.893 {metaspace After GC invocations=248 (full 3):
 Metaspace       used 65993K, committed 67456K, reserved 1114112K
  class space    used 5860K, committed 6464K, reserved 1048576K
}
Event: 41.944 {metaspace Before GC invocations=249 (full 3):
 Metaspace       used 65993K, committed 67456K, reserved 1114112K
  class space    used 5860K, committed 6464K, reserved 1048576K
}
Event: 41.945 {metaspace After GC invocations=249 (full 3):
 Metaspace       used 65993K, committed 67456K, reserved 1114112K
  class space    used 5860K, committed 6464K, reserved 1048576K
}
Event: 42.013 {metaspace Before GC invocations=250 (full 3):
 Metaspace       used 65993K, committed 67456K, reserved 1114112K
  class space    used 5860K, committed 6464K, reserved 1048576K
}
Event: 42.014 {metaspace After GC invocations=250 (full 3):
 Metaspace       used 65993K, committed 67456K, reserved 1114112K
  class space    used 5860K, committed 6464K, reserved 1048576K
}
Event: 42.065 {metaspace Before GC invocations=251 (full 3):
 Metaspace       used 65993K, committed 67456K, reserved 1114112K
  class space    used 5860K, committed 6464K, reserved 1048576K
}
Event: 42.066 {metaspace After GC invocations=251 (full 3):
 Metaspace       used 65993K, committed 67456K, reserved 1114112K
  class space    used 5860K, committed 6464K, reserved 1048576K
}
Event: 42.110 {metaspace Before GC invocations=252 (full 3):
 Metaspace       used 65993K, committed 67456K, reserved 1114112K
  class space    used 5860K, committed 6464K, reserved 1048576K
}
Event: 42.110 {metaspace After GC invocations=252 (full 3):
 Metaspace       used 65993K, committed 67456K, reserved 1114112K
  class space    used 5860K, committed 6464K, reserved 1048576K
}
Event: 42.159 {metaspace Before GC invocations=253 (full 3):
 Metaspace       used 65993K, committed 67456K, reserved 1114112K
  class space    used 5860K, committed 6464K, reserved 1048576K
}
Event: 42.160 {metaspace After GC invocations=253 (full 3):
 Metaspace       used 65993K, committed 67456K, reserved 1114112K
  class space    used 5860K, committed 6464K, reserved 1048576K
}
Event: 42.334 {metaspace Before GC invocations=254 (full 3):
 Metaspace       used 66012K, committed 67456K, reserved 1114112K
  class space    used 5861K, committed 6464K, reserved 1048576K
}
Event: 42.335 {metaspace After GC invocations=254 (full 3):
 Metaspace       used 66012K, committed 67456K, reserved 1114112K
  class space    used 5861K, committed 6464K, reserved 1048576K
}
Event: 2151.289 {metaspace Before GC invocations=255 (full 3):
 Metaspace       used 66613K, committed 67968K, reserved 1114112K
  class space    used 5925K, committed 6464K, reserved 1048576K
}
Event: 2151.290 {metaspace After GC invocations=255 (full 3):
 Metaspace       used 66613K, committed 67968K, reserved 1114112K
  class space    used 5925K, committed 6464K, reserved 1048576K
}
Event: 2152.140 {metaspace Before GC invocations=256 (full 3):
 Metaspace       used 67497K, committed 69056K, reserved 1114112K
  class space    used 6074K, committed 6720K, reserved 1048576K
}
Event: 2152.141 {metaspace After GC invocations=256 (full 3):
 Metaspace       used 67497K, committed 69056K, reserved 1114112K
  class space    used 6074K, committed 6720K, reserved 1048576K
}

