<?xml version="1.0" encoding="UTF-8"?>
<testsuite name="ut.com.atsoft.jira.plugin.logviewer.helper.IssueCopyHelperTest" tests="4" skipped="0" failures="0" errors="0" timestamp="2026-01-02T13:06:41" hostname="RYZEN-5950X" time="2.182">
  <properties/>
  <testcase name="testCopyCustomField_Select()" classname="ut.com.atsoft.jira.plugin.logviewer.helper.IssueCopyHelperTest" time="2.062"/>
  <testcase name="testCopyCustomField_UserPicker()" classname="ut.com.atsoft.jira.plugin.logviewer.helper.IssueCopyHelperTest" time="0.008"/>
  <testcase name="testCopyIssueSuccess()" classname="ut.com.atsoft.jira.plugin.logviewer.helper.IssueCopyHelperTest" time="0.099"/>
  <testcase name="testValidationFailure()" classname="ut.com.atsoft.jira.plugin.logviewer.helper.IssueCopyHelperTest" time="0.008"/>
  <system-out><![CDATA[22:06:43.236 [Test worker] INFO com.atsoft.jira.plugin.logviewer.helper.IssueCopyHelper -- Issue copied successfully: TARGET-1
22:06:43.291 [Test worker] ERROR com.atsoft.jira.plugin.logviewer.helper.IssueCopyHelper -- Error: Validation failed
]]></system-out>
  <system-err><![CDATA[WARNING: A Java agent has been loaded dynamically (C:\Users\W.Y.Park\.m2\repository\net\bytebuddy\byte-buddy-agent\1.14.15\byte-buddy-agent-1.14.15.jar)
WARNING: If a serviceability tool is in use, please run with -XX:+EnableDynamicAgentLoading to hide this warning
WARNING: If a serviceability tool is not in use, please run with -Djdk.instrument.traceUsage for more information
WARNING: Dynamic loading of agents will be disallowed by default in a future release
]]></system-err>
</testsuite>
