<?xml version="1.0" encoding="UTF-8"?>
<testsuite name="ut.com.atsoft.jira.plugin.logviewer.utils.CharsetPrioritizerTest" tests="15" skipped="0" failures="0" errors="0" timestamp="2026-01-02T13:06:43" hostname="RYZEN-5950X" time="0.193">
  <properties/>
  <testcase name="1. BOM 없는 UTF-8 한글을 정확히 감지해야 한다" classname="ut.com.atsoft.jira.plugin.logviewer.utils.CharsetPrioritizerTest" time="0.002"/>
  <testcase name="2. MS949(EUC-KR, CP949) 한글을 정확히 감지해야 한다" classname="ut.com.atsoft.jira.plugin.logviewer.utils.CharsetPrioritizerTest" time="0.053"/>
  <testcase name="3. BOM이 있는 UTF-8 데이터는 100% 정확하게 감지해야 한다" classname="ut.com.atsoft.jira.plugin.logviewer.utils.CharsetPrioritizerTest" time="0.001"/>
  <testcase name="4. 영문(ASCII)만 있는 경우 기본값(UTF-8) 혹은 호환 인코딩이 나와야 한다" classname="ut.com.atsoft.jira.plugin.logviewer.utils.CharsetPrioritizerTest" time="0.001"/>
  <testcase name="5. 일본어 (Shift_JIS)를 정확히 감지해야 한다" classname="ut.com.atsoft.jira.plugin.logviewer.utils.CharsetPrioritizerTest" time="0.003"/>
  <testcase name="6. 중국어 간체 (GB18030/GBK)를 정확히 감지해야 한다" classname="ut.com.atsoft.jira.plugin.logviewer.utils.CharsetPrioritizerTest" time="0.004"/>
  <testcase name="7. 중국어 번체 (Big5)를 정확히 감지해야 한다" classname="ut.com.atsoft.jira.plugin.logviewer.utils.CharsetPrioritizerTest" time="0.009"/>
  <testcase name="[1] 0, UTF-8" classname="ut.com.atsoft.jira.plugin.logviewer.utils.CharsetPrioritizerTest" time="0.05"/>
  <testcase name="[2] 1, UTF-16" classname="ut.com.atsoft.jira.plugin.logviewer.utils.CharsetPrioritizerTest" time="0.005"/>
  <testcase name="[3] 2, UTF-16BE" classname="ut.com.atsoft.jira.plugin.logviewer.utils.CharsetPrioritizerTest" time="0.004"/>
  <testcase name="[4] 3, UTF-16LE" classname="ut.com.atsoft.jira.plugin.logviewer.utils.CharsetPrioritizerTest" time="0.003"/>
  <testcase name="[5] 4, US-ASCII" classname="ut.com.atsoft.jira.plugin.logviewer.utils.CharsetPrioritizerTest" time="0.006"/>
  <testcase name="[6] 5, ISO-8859-1" classname="ut.com.atsoft.jira.plugin.logviewer.utils.CharsetPrioritizerTest" time="0.002"/>
  <testcase name="[7] 6, EUC-KR" classname="ut.com.atsoft.jira.plugin.logviewer.utils.CharsetPrioritizerTest" time="0.006"/>
  <testcase name="[8] 7, MS949" classname="ut.com.atsoft.jira.plugin.logviewer.utils.CharsetPrioritizerTest" time="0.002"/>
  <system-out><![CDATA[22:06:43.590 [Test worker] INFO ut.com.atsoft.jira.plugin.logviewer.utils.CharsetPrioritizerTest -- UTF-8 감지 결과: UTF-8
22:06:43.612 [Test worker] INFO ut.com.atsoft.jira.plugin.logviewer.utils.CharsetPrioritizerTest -- MS949 감지 결과: x-windows-949
22:06:43.647 [Test worker] INFO ut.com.atsoft.jira.plugin.logviewer.utils.CharsetPrioritizerTest -- BOM UTF-8 감지 결과: UTF-8
22:06:43.648 [Test worker] INFO ut.com.atsoft.jira.plugin.logviewer.utils.CharsetPrioritizerTest -- ASCII 데이터 감지 결과: UTF-8
22:06:43.651 [Test worker] INFO ut.com.atsoft.jira.plugin.logviewer.utils.CharsetPrioritizerTest -- 일본어(Shift_JIS) 감지 결과: Shift_JIS
22:06:43.655 [Test worker] INFO ut.com.atsoft.jira.plugin.logviewer.utils.CharsetPrioritizerTest -- 중국어 간체(GB18030) 감지 결과: GB18030
22:06:43.664 [Test worker] INFO ut.com.atsoft.jira.plugin.logviewer.utils.CharsetPrioritizerTest -- 중국어 번체(Big5) 감지 결과: Big5
22:06:43.702 [Test worker] INFO ut.com.atsoft.jira.plugin.logviewer.utils.CharsetPrioritizerTest -- 

{
  "header" : {
    "resultCode" : 200,
    "resultMessage" : "SUCCESS"
  },
  "data" : {
    "pagination" : {
      "total" : 150,
      "page" : 1
    },
    "items" : [ {
      "id" : "LB-1001",
      "status" : "안녕하세요."
    }, {
      "id" : "LB-1002",
      "status" : "이것은 한글 인코딩 감지 테스트입니다."
    }, {
      "id" : "LB-1003",
      "status" : "믜, 쀍 같은 특이한 글자도 포함해봅니다."
    } ]
  }
}


22:06:43.702 [Test worker] INFO ut.com.atsoft.jira.plugin.logviewer.utils.CharsetPrioritizerTest -- charsetName: UTF-8
22:06:43.703 [Test worker] INFO ut.com.atsoft.jira.plugin.logviewer.utils.CharsetPrioritizerTest -- responseBytes[0:16]: [123, 13, 10, 32, 32, 34, 104, 101, 97, 100, 101, 114, 34, 32, 58, 32]
22:06:43.703 [Test worker] INFO ut.com.atsoft.jira.plugin.logviewer.utils.CharsetPrioritizerTest -- detected: UTF-8
22:06:43.745 [Test worker] INFO ut.com.atsoft.jira.plugin.logviewer.utils.CharsetPrioritizerTest -- Response metadata: CaseInsensitiveMultivaluedMap [map=[Content-Type=application/json]]
22:06:43.745 [Test worker] INFO ut.com.atsoft.jira.plugin.logviewer.utils.CharsetPrioritizerTest -- Response entity: [{id=LB-1003, status=믜, 쀍 같은 특이한 글자도 포함해봅니다.}, {id=LB-1002, status=이것은 한글 인코딩 감지 테스트입니다.}, {id=LB-1001, status=안녕하세요.}]


22:06:43.749 [Test worker] INFO ut.com.atsoft.jira.plugin.logviewer.utils.CharsetPrioritizerTest -- charsetName: UTF-16
22:06:43.751 [Test worker] INFO ut.com.atsoft.jira.plugin.logviewer.utils.CharsetPrioritizerTest -- responseBytes[0:16]: [-2, -1, 0, 123, 0, 13, 0, 10, 0, 32, 0, 32, 0, 34, 0, 104]
22:06:43.751 [Test worker] INFO ut.com.atsoft.jira.plugin.logviewer.utils.CharsetPrioritizerTest -- detected: UTF-16
22:06:43.753 [Test worker] INFO ut.com.atsoft.jira.plugin.logviewer.utils.CharsetPrioritizerTest -- Response metadata: CaseInsensitiveMultivaluedMap [map=[Content-Type=application/json]]
22:06:43.753 [Test worker] INFO ut.com.atsoft.jira.plugin.logviewer.utils.CharsetPrioritizerTest -- Response entity: [{id=LB-1003, status=믜, 쀍 같은 특이한 글자도 포함해봅니다.}, {id=LB-1002, status=이것은 한글 인코딩 감지 테스트입니다.}, {id=LB-1001, status=안녕하세요.}]


22:06:43.755 [Test worker] INFO ut.com.atsoft.jira.plugin.logviewer.utils.CharsetPrioritizerTest -- charsetName: UTF-16BE
22:06:43.756 [Test worker] INFO ut.com.atsoft.jira.plugin.logviewer.utils.CharsetPrioritizerTest -- responseBytes[0:16]: [0, 123, 0, 13, 0, 10, 0, 32, 0, 32, 0, 34, 0, 104, 0, 101]
22:06:43.756 [Test worker] INFO ut.com.atsoft.jira.plugin.logviewer.utils.CharsetPrioritizerTest -- detected: UTF-16BE
22:06:43.758 [Test worker] INFO ut.com.atsoft.jira.plugin.logviewer.utils.CharsetPrioritizerTest -- Response metadata: CaseInsensitiveMultivaluedMap [map=[Content-Type=application/json]]
22:06:43.758 [Test worker] INFO ut.com.atsoft.jira.plugin.logviewer.utils.CharsetPrioritizerTest -- Response entity: [{id=LB-1003, status=믜, 쀍 같은 특이한 글자도 포함해봅니다.}, {id=LB-1002, status=이것은 한글 인코딩 감지 테스트입니다.}, {id=LB-1001, status=안녕하세요.}]


22:06:43.759 [Test worker] INFO ut.com.atsoft.jira.plugin.logviewer.utils.CharsetPrioritizerTest -- charsetName: UTF-16LE
22:06:43.761 [Test worker] INFO ut.com.atsoft.jira.plugin.logviewer.utils.CharsetPrioritizerTest -- responseBytes[0:16]: [123, 0, 13, 0, 10, 0, 32, 0, 32, 0, 34, 0, 104, 0, 101, 0]
22:06:43.762 [Test worker] INFO ut.com.atsoft.jira.plugin.logviewer.utils.CharsetPrioritizerTest -- detected: UTF-16LE
22:06:43.763 [Test worker] INFO ut.com.atsoft.jira.plugin.logviewer.utils.CharsetPrioritizerTest -- Response metadata: CaseInsensitiveMultivaluedMap [map=[Content-Type=application/json]]
22:06:43.764 [Test worker] INFO ut.com.atsoft.jira.plugin.logviewer.utils.CharsetPrioritizerTest -- Response entity: [{id=LB-1003, status=믜, 쀍 같은 특이한 글자도 포함해봅니다.}, {id=LB-1002, status=이것은 한글 인코딩 감지 테스트입니다.}, {id=LB-1001, status=안녕하세요.}]


22:06:43.765 [Test worker] INFO ut.com.atsoft.jira.plugin.logviewer.utils.CharsetPrioritizerTest -- charsetName: US-ASCII
22:06:43.765 [Test worker] INFO ut.com.atsoft.jira.plugin.logviewer.utils.CharsetPrioritizerTest -- responseBytes[0:16]: [123, 13, 10, 32, 32, 34, 104, 101, 97, 100, 101, 114, 34, 32, 58, 32]
22:06:43.765 [Test worker] INFO ut.com.atsoft.jira.plugin.logviewer.utils.CharsetPrioritizerTest -- detected: UTF-8
22:06:43.769 [Test worker] INFO ut.com.atsoft.jira.plugin.logviewer.utils.CharsetPrioritizerTest -- Response metadata: CaseInsensitiveMultivaluedMap [map=[Content-Type=application/json]]
22:06:43.770 [Test worker] INFO ut.com.atsoft.jira.plugin.logviewer.utils.CharsetPrioritizerTest -- Response entity: [{id=LB-1003, status=?, ? ?? ??? ??? ??????.}, {id=LB-1002, status=??? ?? ??? ?? ??????.}, {id=LB-1001, status=?????.}]


22:06:43.772 [Test worker] INFO ut.com.atsoft.jira.plugin.logviewer.utils.CharsetPrioritizerTest -- charsetName: ISO-8859-1
22:06:43.772 [Test worker] INFO ut.com.atsoft.jira.plugin.logviewer.utils.CharsetPrioritizerTest -- responseBytes[0:16]: [123, 13, 10, 32, 32, 34, 104, 101, 97, 100, 101, 114, 34, 32, 58, 32]
22:06:43.772 [Test worker] INFO ut.com.atsoft.jira.plugin.logviewer.utils.CharsetPrioritizerTest -- detected: UTF-8
22:06:43.773 [Test worker] INFO ut.com.atsoft.jira.plugin.logviewer.utils.CharsetPrioritizerTest -- Response metadata: CaseInsensitiveMultivaluedMap [map=[Content-Type=application/json]]
22:06:43.773 [Test worker] INFO ut.com.atsoft.jira.plugin.logviewer.utils.CharsetPrioritizerTest -- Response entity: [{id=LB-1003, status=?, ? ?? ??? ??? ??????.}, {id=LB-1002, status=??? ?? ??? ?? ??????.}, {id=LB-1001, status=?????.}]


22:06:43.774 [Test worker] INFO ut.com.atsoft.jira.plugin.logviewer.utils.CharsetPrioritizerTest -- charsetName: EUC-KR
22:06:43.778 [Test worker] INFO ut.com.atsoft.jira.plugin.logviewer.utils.CharsetPrioritizerTest -- responseBytes[0:16]: [123, 13, 10, 32, 32, 34, 104, 101, 97, 100, 101, 114, 34, 32, 58, 32]
22:06:43.779 [Test worker] INFO ut.com.atsoft.jira.plugin.logviewer.utils.CharsetPrioritizerTest -- detected: x-windows-949
22:06:43.780 [Test worker] INFO ut.com.atsoft.jira.plugin.logviewer.utils.CharsetPrioritizerTest -- Response metadata: CaseInsensitiveMultivaluedMap [map=[Content-Type=application/json]]
22:06:43.780 [Test worker] INFO ut.com.atsoft.jira.plugin.logviewer.utils.CharsetPrioritizerTest -- Response entity: [{id=LB-1003, status=?, ? 같은 특이한 글자도 포함해봅니다.}, {id=LB-1002, status=이것은 한글 인코딩 감지 테스트입니다.}, {id=LB-1001, status=안녕하세요.}]


22:06:43.782 [Test worker] INFO ut.com.atsoft.jira.plugin.logviewer.utils.CharsetPrioritizerTest -- charsetName: MS949
22:06:43.782 [Test worker] INFO ut.com.atsoft.jira.plugin.logviewer.utils.CharsetPrioritizerTest -- responseBytes[0:16]: [123, 13, 10, 32, 32, 34, 104, 101, 97, 100, 101, 114, 34, 32, 58, 32]
22:06:43.783 [Test worker] INFO ut.com.atsoft.jira.plugin.logviewer.utils.CharsetPrioritizerTest -- detected: x-windows-949
22:06:43.784 [Test worker] INFO ut.com.atsoft.jira.plugin.logviewer.utils.CharsetPrioritizerTest -- Response metadata: CaseInsensitiveMultivaluedMap [map=[Content-Type=application/json]]
22:06:43.784 [Test worker] INFO ut.com.atsoft.jira.plugin.logviewer.utils.CharsetPrioritizerTest -- Response entity: [{id=LB-1003, status=믜, 쀍 같은 특이한 글자도 포함해봅니다.}, {id=LB-1002, status=이것은 한글 인코딩 감지 테스트입니다.}, {id=LB-1001, status=안녕하세요.}]


]]></system-out>
  <system-err><![CDATA[]]></system-err>
</testsuite>
